# JRE version: OpenJDK Runtime Environment Temurin-17.0.3+7 (17.0.3+7) (build 17.0.3+7)
# Java VM: OpenJDK 64-Bit Server VM Temurin-17.0.3+7 (17.0.3+7, mixed mode, tiered, compressed oops, compressed class ptrs, g1 gc, bsd-aarch64)
GC Precious Log:
 CPUs: 10 total, 10 available
 Memory: 65536M
 Large Page Support: Disabled
 NUMA Support: Disabled
 Compressed Oops: Enabled (Zero based)
 Heap Region Size: 8M
 Heap Min Capacity: 8M
 Heap Initial Capacity: 1G
 Heap Max Capacity: 16G
 Pre-touch: Disabled
 Parallel Workers: 9
 Concurrent Workers: 2
 Concurrent Refinement Workers: 9
 Periodic GC: Disabled
Heap:
 garbage-first heap   total 540672K, used 460738K [0x00000003c0000000, 0x00000007c0000000)
  region size 8192K, 29 young (237568K), 1 survivors (8192K)
 Metaspace       used 100059K, committed 100736K, reserved 1138688K
  class space    used 13557K, committed 13952K, reserved 1048576K
GC Heap History (20 events):
Event: 171455.885 GC heap before
{Heap before GC invocations=221 (full 0):
 garbage-first heap   total 491520K, used 403332K [0x00000003c0000000, 0x00000007c0000000)
  region size 8192K, 30 young (245760K), 1 survivors (8192K)
 Metaspace       used 100043K, committed 100736K, reserved 1138688K
  class space    used 13557K, committed 13952K, reserved 1048576K
}
Event: 171455.888 GC heap after
{Heap after GC invocations=222 (full 0):
 garbage-first heap   total 491520K, used 165753K [0x00000003c0000000, 0x00000007c0000000)
  region size 8192K, 1 young (8192K), 1 survivors (8192K)
 Metaspace       used 100043K, committed 100736K, reserved 1138688K
  class space    used 13557K, committed 13952K, reserved 1048576K
}
Event: 172582.129 GC heap before
{Heap before GC invocations=223 (full 0):
 garbage-first heap   total 540672K, used 501625K [0x00000003c0000000, 0x00000007c0000000)
  region size 8192K, 26 young (212992K), 1 survivors (8192K)
 Metaspace       used 100043K, committed 100736K, reserved 1138688K
  class space    used 13557K, committed 13952K, reserved 1048576K
}
Event: 172582.133 GC heap after
{Heap after GC invocations=224 (full 0):
 garbage-first heap   total 540672K, used 317891K [0x00000003c0000000, 0x00000007c0000000)
  region size 8192K, 1 young (8192K), 1 survivors (8192K)
 Metaspace       used 100043K, committed 100736K, reserved 1138688K
  class space    used 13557K, committed 13952K, reserved 1048576K
}
Event: 172585.559 GC heap before
{Heap before GC invocations=224 (full 0):
 garbage-first heap   total 540672K, used 375235K [0x00000003c0000000, 0x00000007c0000000)
  region size 8192K, 3 young (24576K), 1 survivors (8192K)
 Metaspace       used 100043K, committed 100736K, reserved 1138688K
  class space    used 13557K, committed 13952K, reserved 1048576K
}
Event: 172585.560 GC heap after
{Heap after GC invocations=225 (full 0):
 garbage-first heap   total 540672K, used 214909K [0x00000003c0000000, 0x00000007c0000000)
  region size 8192K, 1 young (8192K), 1 survivors (8192K)
 Metaspace       used 100043K, committed 100736K, reserved 1138688K
  class space    used 13557K, committed 13952K, reserved 1048576K
}
Event: 172586.097 GC heap before
{Heap before GC invocations=225 (full 0):
 garbage-first heap   total 540672K, used 214909K [0x00000003c0000000, 0x00000007c0000000)
  region size 8192K, 2 young (16384K), 1 survivors (8192K)
 Metaspace       used 100043K, committed 100736K, reserved 1138688K
  class space    used 13557K, committed 13952K, reserved 1048576K
}
Event: 172586.115 GC heap after
{Heap after GC invocations=226 (full 0):
 garbage-first heap   total 540672K, used 165730K [0x00000003c0000000, 0x00000007c0000000)
  region size 8192K, 1 young (8192K), 1 survivors (8192K)
 Metaspace       used 100043K, committed 100736K, reserved 1138688K
  class space    used 13557K, committed 13952K, reserved 1048576K
}
Event: 173543.393 GC heap before
{Heap before GC invocations=227 (full 0):
 garbage-first heap   total 540672K, used 501602K [0x00000003c0000000, 0x00000007c0000000)
  region size 8192K, 26 young (212992K), 1 survivors (8192K)
 Metaspace       used 100050K, committed 100736K, reserved 1138688K
  class space    used 13557K, committed 13952K, reserved 1048576K
}
Event: 173543.405 GC heap after
{Heap after GC invocations=228 (full 0):
 garbage-first heap   total 540672K, used 311955K [0x00000003c0000000, 0x00000007c0000000)
  region size 8192K, 1 young (8192K), 1 survivors (8192K)
 Metaspace       used 100050K, committed 100736K, reserved 1138688K
  class space    used 13557K, committed 13952K, reserved 1048576K
}
Event: 173647.711 GC heap before
{Heap before GC invocations=228 (full 0):
 garbage-first heap   total 540672K, used 328339K [0x00000003c0000000, 0x00000007c0000000)
  region size 8192K, 3 young (24576K), 1 survivors (8192K)
 Metaspace       used 100050K, committed 100736K, reserved 1138688K
  class space    used 13557K, committed 13952K, reserved 1048576K
}
Event: 173647.725 GC heap after
{Heap after GC invocations=229 (full 0):
 garbage-first heap   total 540672K, used 160659K [0x00000003c0000000, 0x00000007c0000000)
  region size 8192K, 1 young (8192K), 1 survivors (8192K)
 Metaspace       used 100050K, committed 100736K, reserved 1138688K
  class space    used 13557K, committed 13952K, reserved 1048576K
}
Event: 175455.681 GC heap before
{Heap before GC invocations=229 (full 0):
 garbage-first heap   total 540672K, used 447379K [0x00000003c0000000, 0x00000007c0000000)
  region size 8192K, 36 young (294912K), 1 survivors (8192K)
 Metaspace       used 100050K, committed 100736K, reserved 1138688K
  class space    used 13557K, committed 13952K, reserved 1048576K
}
Event: 175455.686 GC heap after
{Heap after GC invocations=230 (full 0):
 garbage-first heap   total 540672K, used 160564K [0x00000003c0000000, 0x00000007c0000000)
  region size 8192K, 1 young (8192K), 1 survivors (8192K)
 Metaspace       used 100050K, committed 100736K, reserved 1138688K
  class space    used 13557K, committed 13952K, reserved 1048576K
}
Event: 177344.663 GC heap before
{Heap before GC invocations=231 (full 0):
 garbage-first heap   total 540672K, used 455476K [0x00000003c0000000, 0x00000007c0000000)
  region size 8192K, 37 young (303104K), 1 survivors (8192K)
 Metaspace       used 100050K, committed 100736K, reserved 1138688K
  class space    used 13557K, committed 13952K, reserved 1048576K
}
Event: 177344.671 GC heap after
{Heap after GC invocations=232 (full 0):
 garbage-first heap   total 540672K, used 160564K [0x00000003c0000000, 0x00000007c0000000)
  region size 8192K, 1 young (8192K), 1 survivors (8192K)
 Metaspace       used 100050K, committed 100736K, reserved 1138688K
  class space    used 13557K, committed 13952K, reserved 1048576K
}
Event: 177451.022 GC heap before
{Heap before GC invocations=232 (full 0):
 garbage-first heap   total 540672K, used 176948K [0x00000003c0000000, 0x00000007c0000000)
  region size 8192K, 3 young (24576K), 1 survivors (8192K)
 Metaspace       used 100050K, committed 100736K, reserved 1138688K
  class space    used 13557K, committed 13952K, reserved 1048576K
}
Event: 177451.041 GC heap after
{Heap after GC invocations=233 (full 0):
 garbage-first heap   total 540672K, used 157640K [0x00000003c0000000, 0x00000007c0000000)
  region size 8192K, 1 young (8192K), 1 survivors (8192K)
 Metaspace       used 100050K, committed 100736K, reserved 1138688K
  class space    used 13557K, committed 13952K, reserved 1048576K
}
Event: 179322.676 GC heap before
{Heap before GC invocations=233 (full 0):
 garbage-first heap   total 540672K, used 452552K [0x00000003c0000000, 0x00000007c0000000)
  region size 8192K, 37 young (303104K), 1 survivors (8192K)
 Metaspace       used 100050K, committed 100736K, reserved 1138688K
  class space    used 13557K, committed 13952K, reserved 1048576K
}
Event: 179322.683 GC heap after
{Heap after GC invocations=234 (full 0):
 garbage-first heap   total 540672K, used 157634K [0x00000003c0000000, 0x00000007c0000000)
  region size 8192K, 1 young (8192K), 1 survivors (8192K)
 Metaspace       used 100050K, committed 100736K, reserved 1138688K
  class space    used 13557K, committed 13952K, reserved 1048576K
}

